<?xml version="1.0" encoding="UTF-8"?>
<testsuite name="com.book.springboot.domain.posts.PostsRepositoryTest" tests="1" skipped="0" failures="0" errors="0" timestamp="2021-09-20T01:39:53" hostname="INSHALLA" time="0.083">
  <properties/>
  <testcase name="게시글저장_불러오기" classname="com.book.springboot.domain.posts.PostsRepositoryTest" time="0.083"/>
  <system-out><![CDATA[
  .   ____          _            __ _ _
 /\\ / ___'_ __ _ _(_)_ __  __ _ \ \ \ \
( ( )\___ | '_ | '_| | '_ \/ _` | \ \ \ \
 \\/  ___)| |_)| | | | | || (_| |  ) ) ) )
  '  |____| .__|_| |_|_| |_\__, | / / / /
 =========|_|==============|___/=/_/_/_/
 :: Spring Boot ::        (v2.3.2.RELEASE)

2021-09-20 10:39:52.469  INFO 12920 --- [    Test worker] c.b.s.domain.posts.PostsRepositoryTest   : Starting PostsRepositoryTest on inshalla with PID 12920 (started by inshalla in D:\book)
2021-09-20 10:39:52.469  INFO 12920 --- [    Test worker] c.b.s.domain.posts.PostsRepositoryTest   : The following profiles are active: oauth
2021-09-20 10:39:52.595  INFO 12920 --- [    Test worker] .s.d.r.c.RepositoryConfigurationDelegate : Bootstrapping Spring Data JPA repositories in DEFERRED mode.
2021-09-20 10:39:52.609  INFO 12920 --- [    Test worker] .s.d.r.c.RepositoryConfigurationDelegate : Finished Spring Data repository scanning in 13ms. Found 2 JPA repository interfaces.
2021-09-20 10:39:52.720  INFO 12920 --- [    Test worker] o.s.s.concurrent.ThreadPoolTaskExecutor  : Initializing ExecutorService 'applicationTaskExecutor'
2021-09-20 10:39:52.722  INFO 12920 --- [    Test worker] com.zaxxer.hikari.HikariDataSource       : HikariPool-2 - Starting...
2021-09-20 10:39:52.723  INFO 12920 --- [    Test worker] com.zaxxer.hikari.HikariDataSource       : HikariPool-2 - Start completed.
2021-09-20 10:39:52.733  INFO 12920 --- [         task-1] o.hibernate.jpa.internal.util.LogHelper  : HHH000204: Processing PersistenceUnitInfo [name: default]
2021-09-20 10:39:52.738  INFO 12920 --- [         task-1] org.hibernate.dialect.Dialect            : HHH000400: Using dialect: org.hibernate.dialect.H2Dialect
2021-09-20 10:39:52.774  WARN 12920 --- [    Test worker] JpaBaseConfiguration$JpaWebConfiguration : spring.jpa.open-in-view is enabled by default. Therefore, database queries may be performed during view rendering. Explicitly configure spring.jpa.open-in-view to disable this warning
Hibernate: drop table if exists posts CASCADE 
Hibernate: drop table if exists user CASCADE 
Hibernate: create table posts (id bigint generated by default as identity, created_date timestamp, modified_date timestamp, author varchar(255), content TEXT not null, title varchar(500) not null, primary key (id))
Hibernate: create table user (id bigint generated by default as identity, created_date timestamp, modified_date timestamp, email varchar(255) not null, name varchar(255) not null, picture varchar(255), role varchar(255) not null, primary key (id))
2021-09-20 10:39:52.790  INFO 12920 --- [         task-1] o.h.e.t.j.p.i.JtaPlatformInitiator       : HHH000490: Using JtaPlatform implementation: [org.hibernate.engine.transaction.jta.platform.internal.NoJtaPlatform]
2021-09-20 10:39:52.790  INFO 12920 --- [         task-1] j.LocalContainerEntityManagerFactoryBean : Initialized JPA EntityManagerFactory for persistence unit 'default'
2021-09-20 10:39:52.845  INFO 12920 --- [    Test worker] o.s.s.web.DefaultSecurityFilterChain     : Creating filter chain: any request, [org.springframework.security.web.context.request.async.WebAsyncManagerIntegrationFilter@65545603, org.springframework.security.web.context.SecurityContextPersistenceFilter@442522d1, org.springframework.security.web.header.HeaderWriterFilter@1e7bf55, org.springframework.security.web.authentication.logout.LogoutFilter@69734d59, org.springframework.security.oauth2.client.web.OAuth2AuthorizationRequestRedirectFilter@7e332af5, org.springframework.security.oauth2.client.web.OAuth2LoginAuthenticationFilter@79f96c47, org.springframework.security.web.authentication.ui.DefaultLoginPageGeneratingFilter@5e89f729, org.springframework.security.web.authentication.ui.DefaultLogoutPageGeneratingFilter@51496641, org.springframework.security.web.savedrequest.RequestCacheAwareFilter@307d5070, org.springframework.security.web.servletapi.SecurityContextHolderAwareRequestFilter@cdc4c3d, org.springframework.security.web.authentication.AnonymousAuthenticationFilter@36ca9a1f, org.springframework.security.web.session.SessionManagementFilter@236e2d32, org.springframework.security.web.access.ExceptionTranslationFilter@2edb4ef3, org.springframework.security.web.access.intercept.FilterSecurityInterceptor@27427d7d]
2021-09-20 10:39:52.973  INFO 12920 --- [    Test worker] o.s.b.a.w.s.WelcomePageHandlerMapping    : Adding welcome page template: index
2021-09-20 10:39:53.049  INFO 12920 --- [    Test worker] o.s.b.a.h2.H2ConsoleAutoConfiguration    : H2 console available at '/h2-console'. Database available at 'jdbc:h2:mem:testdb'
2021-09-20 10:39:53.088  INFO 12920 --- [    Test worker] DeferredRepositoryInitializationListener : Triggering deferred initialization of Spring Data repositories…
2021-09-20 10:39:53.130  INFO 12920 --- [    Test worker] DeferredRepositoryInitializationListener : Spring Data repositories initialized!
2021-09-20 10:39:53.132  INFO 12920 --- [    Test worker] c.b.s.domain.posts.PostsRepositoryTest   : Started PostsRepositoryTest in 0.683 seconds (JVM running for 6.412)
Hibernate: insert into posts (id, created_date, modified_date, author, content, title) values (null, ?, ?, ?, ?, ?)
Hibernate: select posts0_.id as id1_0_, posts0_.created_date as created_2_0_, posts0_.modified_date as modified3_0_, posts0_.author as author4_0_, posts0_.content as content5_0_, posts0_.title as title6_0_ from posts posts0_
Hibernate: select posts0_.id as id1_0_, posts0_.created_date as created_2_0_, posts0_.modified_date as modified3_0_, posts0_.author as author4_0_, posts0_.content as content5_0_, posts0_.title as title6_0_ from posts posts0_
Hibernate: delete from posts where id=?
]]></system-out>
  <system-err><![CDATA[]]></system-err>
</testsuite>
